<?xml version="1.0" encoding="UTF-8"?>
<testng-results ignored="0" total="1" passed="1" failed="0" skipped="0">
  <reporter-output>
  </reporter-output>
  <suite started-at="2024-07-12T15:25:23 IST" name="Default suite" finished-at="2024-07-12T15:25:26 IST" duration-ms="3038">
    <groups>
    </groups>
    <test started-at="2024-07-12T15:25:23 IST" name="Default test" finished-at="2024-07-12T15:25:26 IST" duration-ms="3038">
      <class name="restAssuredFiles.APITesting">
        <test-method signature="testData()[pri:0, instance:restAssuredFiles.APITesting@7188af83]" started-at="2024-07-12T15:25:23 IST" name="testData" finished-at="2024-07-12T15:25:26 IST" duration-ms="2964" status="PASS">
          <reporter-output>
          </reporter-output>
        </test-method> <!-- testData -->
      </class> <!-- restAssuredFiles.APITesting -->
    </test> <!-- Default test -->
  </suite> <!-- Default suite -->
</testng-results>
