<?xml version="1.0" encoding="UTF-8"?>
<!-- Generated by org.testng.reporters.JUnitXMLReporter -->
<testsuite ignored="0" hostname="MSI" failures="0" tests="3" name="Tests" time="14.715" errors="0" timestamp="2024-06-12T18:10:57 IST">
  <testcase classname="TestNgFiles.AppleSupportTest" name="case1" time="0.361"/>
  <testcase classname="TestNgFiles.AppleSupportTest" name="case2" time="0.409"/>
  <testcase classname="TestNgFiles.AppleSupportTest" name="case3" time="4.621"/>
</testsuite> <!-- Tests -->
